<?xml version="1.0" encoding="UTF-8"?>
<!-- Generated by org.testng.reporters.JUnitReportReporter -->
<testsuite skipped="0" hostname="E0363753" name="testcases.UserSearchTest" tests="1" failures="0" timestamp="21 Sep 2018 19:10:45 GMT" time="5.729" errors="0">
  <testcase name="UserSearchSuccessfully" time="5.729" classname="testcases.UserSearchTest"/>
</testsuite> <!-- testcases.UserSearchTest -->
