<?xml version="1.0" encoding="UTF-8"?>
<!-- Generated by org.testng.reporters.JUnitReportReporter -->
<testsuite skipped="0" hostname="E0363753" name="testcases.UserFillContactForumTest" tests="1" failures="0" timestamp="21 Sep 2018 19:10:45 GMT" time="20.226" errors="0">
  <testcase name="UserFillForumSuccessfully" time="20.226" classname="testcases.UserFillContactForumTest"/>
</testsuite> <!-- testcases.UserFillContactForumTest -->
