<?xml version="1.0" encoding="UTF-8"?>
<!-- Generated by org.testng.reporters.JUnitReportReporter -->
<testsuite skipped="0" hostname="E0363753" name="testcases.ValidateLinksTest" tests="1" failures="0" timestamp="21 Sep 2018 19:10:45 GMT" time="21.264" errors="0">
  <testcase name="validateAllLink" time="21.264" classname="testcases.ValidateLinksTest"/>
</testsuite> <!-- testcases.ValidateLinksTest -->
