<?xml version="1.0" encoding="UTF-8"?>
<!-- Generated by org.testng.reporters.JUnitReportReporter -->
<testsuite skipped="0" hostname="E0363753" name="testcases.ChangeLanguageTest" tests="1" failures="0" timestamp="21 Sep 2018 19:10:45 GMT" time="11.603" errors="0">
  <testcase name="ChangeLanguage" time="11.603" classname="testcases.ChangeLanguageTest"/>
</testsuite> <!-- testcases.ChangeLanguageTest -->
